<?xml version="1.0" encoding="UTF-8"?>
<!-- Generated by org.testng.reporters.JUnitReportReporter -->
<testsuite skipped="0" hostname="DESKTOP-GFSFO7N" name="tests.Concepts" tests="4" failures="0" timestamp="2021-04-23T11:15:06 IST" time="18.616" errors="0">
  <testcase name="softAssert" time="0.587" classname="tests.Concepts"/>
  <system-out/>
  <testcase name="countLinks" time="0.254" classname="tests.Concepts"/>
  <system-out/>
  <testcase name="handleDynamicDropdown" time="12.546" classname="tests.Concepts"/>
  <system-out/>
  <testcase name="multipleWindows" time="5.229" classname="tests.Concepts"/>
  <system-out/>
</testsuite> <!-- tests.Concepts -->
