<?xml version="1.0" encoding="UTF-8"?>
<!-- Generated by org.testng.reporters.JUnitReportReporter -->
<testsuite skipped="0" hostname="DESKTOP-GFSFO7N" name="tests.JDBC" tests="1" failures="0" timestamp="2021-04-23T11:15:06 IST" time="2.484" errors="0">
  <testcase name="connectionToDB" time="2.484" classname="tests.JDBC"/>
  <system-out/>
</testsuite> <!-- tests.JDBC -->
