<?xml version="1.0" encoding="UTF-8"?>
<!-- Generated by org.testng.reporters.JUnitReportReporter -->
<testsuite skipped="0" hostname="DESKTOP-GFSFO7N" name="tests.FileUploadAndDownload" tests="2" failures="0" timestamp="2021-04-23T11:15:06 IST" time="17.375" errors="0">
  <testcase name="fileUpload" time="5.909" classname="tests.FileUploadAndDownload"/>
  <system-out/>
  <testcase name="fileDownloadAndVerify" time="11.466" classname="tests.FileUploadAndDownload"/>
  <system-out/>
</testsuite> <!-- tests.FileUploadAndDownload -->
