<?xml version="1.0" encoding="UTF-8"?>
<!-- Generated by org.testng.reporters.JUnitReportReporter -->
<testsuite skipped="0" hostname="DESKTOP-GFSFO7N" name="tests.ConceptsTest" tests="4" failures="0" timestamp="2021-04-23T11:26:51 IST" time="18.819" errors="0">
  <testcase name="handleDynamicDropdown" time="12.875" classname="tests.ConceptsTest"/>
  <system-out/>
  <testcase name="countLinks" time="0.405" classname="tests.ConceptsTest"/>
  <system-out/>
  <testcase name="softAssert" time="0.738" classname="tests.ConceptsTest"/>
  <system-out/>
  <testcase name="multipleWindows" time="4.801" classname="tests.ConceptsTest"/>
  <system-out/>
</testsuite> <!-- tests.ConceptsTest -->
