<?xml version="1.0" encoding="UTF-8"?>
<!-- Generated by org.testng.reporters.JUnitReportReporter -->
<testsuite skipped="0" hostname="DESKTOP-GFSFO7N" name="cucumberOptions.TestRunner" tests="1" failures="0" timestamp="2021-04-23T11:22:45 IST" time="29.956" errors="0">
  <testcase name="feature" time="29.956" classname="cucumberOptions.TestRunner"/>
  <system-out/>
</testsuite> <!-- cucumberOptions.TestRunner -->
