<?xml version="1.0" encoding="UTF-8"?>
<!-- Generated by org.testng.reporters.JUnitReportReporter -->
<testsuite skipped="0" hostname="DESKTOP-GFSFO7N" name="cucumberOptions.TestRunner" tests="1" failures="0" timestamp="2021-04-17T23:24:06 IST" time="27.066" errors="0">
  <testcase name="feature" time="27.066" classname="cucumberOptions.TestRunner"/>
  <system-out/>
</testsuite> <!-- cucumberOptions.TestRunner -->
