<?xml version="1.0" encoding="UTF-8"?>
<!-- Generated by org.testng.reporters.JUnitReportReporter -->
<testsuite skipped="0" hostname="DESKTOP-GFSFO7N" name="facebook.Login" tests="1" failures="0" timestamp="2021-03-26T21:59:23 IST" time="2.765" errors="0">
  <testcase name="login" time="2.765" classname="facebook.Login"/>
  <system-out/>
</testsuite> <!-- facebook.Login -->
