<?xml version="1.0" encoding="UTF-8"?>
<!-- Generated by org.testng.reporters.JUnitReportReporter -->
<testsuite skipped="0" hostname="DESKTOP-GFSFO7N" name="tests.Concepts" tests="4" failures="0" timestamp="2021-04-21T21:36:25 IST" time="14.250" errors="0">
  <testcase name="countLinks" time="0.246" classname="tests.Concepts"/>
  <system-out/>
  <testcase name="multipleWindows" time="3.112" classname="tests.Concepts"/>
  <system-out/>
  <testcase name="softAssert" time="0.492" classname="tests.Concepts"/>
  <system-out/>
  <testcase name="handleDynamicDropdown" time="10.400" classname="tests.Concepts"/>
  <system-out/>
</testsuite> <!-- tests.Concepts -->
