<?xml version="1.0" encoding="UTF-8"?>
<!-- Generated by org.testng.reporters.JUnitReportReporter -->
<testsuite skipped="0" hostname="DESKTOP-GFSFO7N" name="tests.JDBC" tests="1" failures="0" timestamp="2021-06-08T17:15:33 IST" time="2.672" errors="0">
  <testcase name="connectionToDB" time="2.672" classname="tests.JDBC"/>
  <system-out/>
</testsuite> <!-- tests.JDBC -->
