<?xml version="1.0" encoding="UTF-8"?>
<!-- Generated by org.testng.reporters.JUnitReportReporter -->
<testsuite skipped="0" hostname="DESKTOP-GFSFO7N" name="tests.FileUploadAndDownload" tests="2" failures="0" timestamp="2021-04-19T13:47:17 IST" time="15.907" errors="0">
  <testcase name="fileUpload" time="4.614" classname="tests.FileUploadAndDownload"/>
  <system-out/>
  <testcase name="fileDownloadAndVerify" time="11.293" classname="tests.FileUploadAndDownload"/>
  <system-out/>
</testsuite> <!-- tests.FileUploadAndDownload -->
