<?xml version="1.0" encoding="UTF-8"?>
<!-- Generated by org.testng.reporters.JUnitReportReporter -->
<testsuite skipped="0" hostname="DESKTOP-GFSFO7N" name="spiceJet.Concepts" tests="4" failures="0" timestamp="2021-04-17T13:18:02 IST" time="13.318" errors="0">
  <testcase name="handleDynamicDropdown" time="8.873" classname="spiceJet.Concepts"/>
  <system-out/>
  <testcase name="countLinks" time="0.242" classname="spiceJet.Concepts"/>
  <system-out/>
  <testcase name="multipleWindows" time="3.727" classname="spiceJet.Concepts"/>
  <system-out/>
  <testcase name="softAssert" time="0.476" classname="spiceJet.Concepts"/>
  <system-out/>
</testsuite> <!-- spiceJet.Concepts -->
